<?xml version="1.0" encoding="UTF-8"?>
<!-- Generated by org.testng.reporters.JUnitReportReporter -->
<testsuite hostname="DESKTOP-SBCUFVJ" failures="0" tests="1" name="seleniumDemo.CreateLead" time="26.327" errors="0" timestamp="2022-04-23T12:32:03 EDT" skipped="0">
  <testcase classname="seleniumDemo.CreateLead" name="createLead" time="26.327"/>
</testsuite> <!-- seleniumDemo.CreateLead -->
