<?xml version="1.0" encoding="UTF-8"?>
<!-- Generated by org.testng.reporters.JUnitReportReporter -->
<testsuite hostname="DESKTOP-SBCUFVJ" failures="0" tests="2" name="steps.RunnerFile" time="10.957" errors="0" timestamp="2022-06-05T11:52:04 EDT" skipped="0">
  <testcase classname="steps.RunnerFile" name="runScenario" time="5.085"/>
  <testcase classname="steps.RunnerFile" name="runScenario" time="5.872"/>
</testsuite> <!-- steps.RunnerFile -->
