<?xml version="1.0" encoding="UTF-8"?>
<!-- Generated by org.testng.reporters.JUnitReportReporter -->
<testsuite hostname="DESKTOP-SBCUFVJ" failures="0" tests="1" name="TestNG_TestCases.EditLead" time="20.022" errors="0" timestamp="2022-04-30T11:26:04 EDT" skipped="0">
  <testcase classname="TestNG_TestCases.EditLead" name="EditLead" time="20.022"/>
</testsuite> <!-- TestNG_TestCases.EditLead -->
