<?xml version="1.0" encoding="UTF-8"?>
<!-- Generated by org.testng.reporters.JUnitReportReporter -->
<testsuite hostname="DESKTOP-SBCUFVJ" failures="0" tests="1" name="TC_ConnectInheritanceConcept.EditLead" time="18.108" errors="0" timestamp="2022-04-30T11:19:29 EDT" skipped="0">
  <testcase classname="TC_ConnectInheritanceConcept.EditLead" name="EditLead" time="18.108"/>
</testsuite> <!-- TC_ConnectInheritanceConcept.EditLead -->
