<?xml version="1.0" encoding="UTF-8"?>
<!-- Generated by org.testng.reporters.JUnitReportReporter -->
<testsuite hostname="DESKTOP-SBCUFVJ" failures="0" tests="1" name="TC_ConnectInheritanceConcept.CreateLead" time="20.144" errors="0" timestamp="2022-04-30T11:20:26 EDT" skipped="0">
  <testcase classname="TC_ConnectInheritanceConcept.CreateLead" name="CreateLead" time="20.144"/>
</testsuite> <!-- TC_ConnectInheritanceConcept.CreateLead -->
