<?xml version="1.0" encoding="UTF-8"?>
<!-- Generated by org.testng.reporters.JUnitReportReporter -->
<testsuite hostname="DESKTOP-SBCUFVJ" failures="0" tests="1" name="TC_ConnectInheritanceConcept.DeleteLead" time="13.715" errors="0" timestamp="2022-04-30T11:19:49 EDT" skipped="0">
  <testcase classname="TC_ConnectInheritanceConcept.DeleteLead" name="DeleteLead" time="13.715"/>
</testsuite> <!-- TC_ConnectInheritanceConcept.DeleteLead -->
