<?xml version="1.0" encoding="UTF-8"?>
<!-- Generated by org.testng.reporters.JUnitReportReporter -->
<testsuite hostname="DESKTOP-SBCUFVJ" failures="0" tests="1" name="TestNG_TestCases.DeleteLead" time="20.076" errors="0" timestamp="2022-04-30T11:26:04 EDT" skipped="0">
  <testcase classname="TestNG_TestCases.DeleteLead" name="DeleteLead" time="20.076"/>
</testsuite> <!-- TestNG_TestCases.DeleteLead -->
