<?xml version="1.0" encoding="UTF-8"?>
<!-- Generated by org.testng.reporters.JUnitReportReporter -->
<testsuite hostname="DESKTOP-SBCUFVJ" failures="0" tests="3" name="learnParameters.Prameters_CreateLead" time="56.418" errors="0" timestamp="2022-05-15T11:27:25 EDT" skipped="0">
  <testcase classname="learnParameters.Prameters_CreateLead" name="createLead" time="18.949"/>
  <testcase classname="learnParameters.Prameters_CreateLead" name="createLead" time="17.945"/>
  <testcase classname="learnParameters.Prameters_CreateLead" name="createLead" time="19.524"/>
</testsuite> <!-- learnParameters.Prameters_CreateLead -->
